<?xml version="1.0" encoding="UTF-8" ?>
<testsuite failures="0" time="0.419" errors="0" skipped="0" tests="1" name="com.aiit.graduationproject.test.MessagesTest">
  <properties>
    <property name="java.runtime.name" value="Java(TM) SE Runtime Environment"/>
    <property name="sun.boot.library.path" value="E:\Program Files (x86)\Java\jdk1.7.0_07\jre\bin"/>
    <property name="java.vm.version" value="24.60-b09"/>
    <property name="java.vm.vendor" value="Oracle Corporation"/>
    <property name="maven.multiModuleProjectDirectory" value="D:\软件\开发等软件\开发工具\eclipse\Java Eclipse\eclipse-jee-mars-R-win32-x86_64\workspace\AutomaticQA_1"/>
    <property name="java.vendor.url" value="http://java.oracle.com/"/>
    <property name="path.separator" value=";"/>
    <property name="guice.disable.misplaced.annotation.check" value="true"/>
    <property name="java.vm.name" value="Java HotSpot(TM) 64-Bit Server VM"/>
    <property name="file.encoding.pkg" value="sun.io"/>
    <property name="user.script" value=""/>
    <property name="user.country" value="CN"/>
    <property name="sun.java.launcher" value="SUN_STANDARD"/>
    <property name="sun.os.patch.level" value=""/>
    <property name="java.vm.specification.name" value="Java Virtual Machine Specification"/>
    <property name="user.dir" value="D:\软件\开发等软件\开发工具\eclipse\Java Eclipse\eclipse-jee-mars-R-win32-x86_64\workspace\AutomaticQA_1"/>
    <property name="java.runtime.version" value="1.7.0_60-b19"/>
    <property name="java.awt.graphicsenv" value="sun.awt.Win32GraphicsEnvironment"/>
    <property name="java.endorsed.dirs" value="E:\Program Files (x86)\Java\jdk1.7.0_07\jre\lib\endorsed"/>
    <property name="os.arch" value="amd64"/>
    <property name="java.io.tmpdir" value="C:\Users\admin\AppData\Local\Temp\"/>
    <property name="line.separator" value="
"/>
    <property name="java.vm.specification.vendor" value="Oracle Corporation"/>
    <property name="user.variant" value=""/>
    <property name="os.name" value="Windows 8.1"/>
    <property name="classworlds.conf" value="D:\软件\开发等软件\开发工具\eclipse\Java Eclipse\eclipse-jee-mars-R-win32-x86_64\workspace\.metadata\.plugins\org.eclipse.m2e.launching\launches\m2conf5855176390220326617.tmp"/>
    <property name="sun.jnu.encoding" value="GBK"/>
    <property name="java.library.path" value="E:\Program Files (x86)\Java\jdk1.7.0_07\bin;C:\WINDOWS\Sun\Java\bin;C:\WINDOWS\system32;C:\WINDOWS;E:/Program Files (x86)/Java/jdk1.7.0_07/bin/../jre/bin/server;E:/Program Files (x86)/Java/jdk1.7.0_07/bin/../jre/bin;E:/Program Files (x86)/Java/jdk1.7.0_07/bin/../jre/lib/amd64;C:\Program Files (x86)\Common Files\NetSarang;E:\Program Files (x86)\Java\jdk1.7.0_07\bin;C:\Program Files (x86)\Intel\iCLS Client\;C:\Program Files\Intel\iCLS Client\;C:\WINDOWS\system32;C:\WINDOWS;C:\WINDOWS\System32\Wbem;C:\WINDOWS\System32\WindowsPowerShell\v1.0\;C:\Program Files (x86)\Intel\Intel(R) Management Engine Components\DAL;C:\Program Files\Intel\Intel(R) Management Engine Components\DAL;C:\Program Files (x86)\Intel\Intel(R) Management Engine Components\IPT;C:\Program Files\Intel\Intel(R) Management Engine Components\IPT;C:\Program Files (x86)\ATI Technologies\ATI.ACE\Core-Static;C:\Program Files\Intel\WiFi\bin\;C:\Program Files\Common Files\Intel\WirelessCommon\;E:\Program Files\TortoiseSVN\bin;E:\maven\apache-maven-3.3.3\bin;c:\Program Files (x86)\Microsoft SQL Server\90\Tools\binn\;C:\Program Files (x86)\Microsoft SQL Server\100\Tools\Binn\;C:\Program Files\Microsoft SQL Server\100\Tools\Binn\;C:\Program Files\Microsoft SQL Server\100\DTS\Binn\;C:\Program Files (x86)\Microsoft SQL Server\100\Tools\Binn\VSShell\Common7\IDE\;C:\Program Files (x86)\Microsoft SQL Server\100\DTS\Binn\;C:\Program Files (x86)\Microsoft Visual Studio 9.0\Common7\IDE\PrivateAssemblies\;D:\办公\开发工具\eclipse\Android Eclipse\Android\sdk\tools;%ANDR;E:\Android Eclipse\adt-bundle-windows-x86_64-20130917\sdk\platform-tools;E:\Android Eclipse\adt-bundle-windows-x86_64-20130917\sdk\tools;E:\Git\cmd;C:\Users\admin\AppData\Local\Microsoft\WindowsApps;;D:\软件\开发等软件\开发工具\eclipse\Java Eclipse\eclipse-jee-mars-R-win32-x86_64\eclipse;;."/>
    <property name="java.specification.name" value="Java Platform API Specification"/>
    <property name="java.class.version" value="51.0"/>
    <property name="sun.management.compiler" value="HotSpot 64-Bit Tiered Compilers"/>
    <property name="os.version" value="6.3"/>
    <property name="user.home" value="C:\Users\admin"/>
    <property name="user.timezone" value="Asia/Shanghai"/>
    <property name="java.awt.printerjob" value="sun.awt.windows.WPrinterJob"/>
    <property name="java.specification.version" value="1.7"/>
    <property name="file.encoding" value="UTF-8"/>
    <property name="user.name" value="admin"/>
    <property name="java.class.path" value="/D:/软件/开发等软件/开发工具/eclipse/Java Eclipse/eclipse-jee-mars-R-win32-x86_64/eclipse/plugins/org.eclipse.m2e.maven.runtime_1.6.0.20150526-2031/jars/plexus-classworlds-2.5.2.jar"/>
    <property name="java.vm.specification.version" value="1.7"/>
    <property name="sun.arch.data.model" value="64"/>
    <property name="java.home" value="E:\Program Files (x86)\Java\jdk1.7.0_07\jre"/>
    <property name="sun.java.command" value="org.codehaus.plexus.classworlds.launcher.Launcher -B install"/>
    <property name="java.specification.vendor" value="Oracle Corporation"/>
    <property name="user.language" value="zh"/>
    <property name="awt.toolkit" value="sun.awt.windows.WToolkit"/>
    <property name="java.vm.info" value="mixed mode"/>
    <property name="java.version" value="1.7.0_60"/>
    <property name="java.ext.dirs" value="E:\Program Files (x86)\Java\jdk1.7.0_07\jre\lib\ext;C:\WINDOWS\Sun\Java\lib\ext"/>
    <property name="sun.boot.class.path" value="E:\Program Files (x86)\Java\jdk1.7.0_07\jre\lib\resources.jar;E:\Program Files (x86)\Java\jdk1.7.0_07\jre\lib\rt.jar;E:\Program Files (x86)\Java\jdk1.7.0_07\jre\lib\sunrsasign.jar;E:\Program Files (x86)\Java\jdk1.7.0_07\jre\lib\jsse.jar;E:\Program Files (x86)\Java\jdk1.7.0_07\jre\lib\jce.jar;E:\Program Files (x86)\Java\jdk1.7.0_07\jre\lib\charsets.jar;E:\Program Files (x86)\Java\jdk1.7.0_07\jre\lib\jfr.jar;E:\Program Files (x86)\Java\jdk1.7.0_07\jre\classes"/>
    <property name="java.vendor" value="Oracle Corporation"/>
    <property name="maven.home" value="D:\软件\开发等软件\开发工具\eclipse\Java Eclipse\eclipse-jee-mars-R-win32-x86_64\workspace\AutomaticQA_1\EMBEDDED"/>
    <property name="file.separator" value="\"/>
    <property name="java.vendor.url.bug" value="http://bugreport.sun.com/bugreport/"/>
    <property name="sun.cpu.endian" value="little"/>
    <property name="sun.io.unicode.encoding" value="UnicodeLittle"/>
    <property name="sun.desktop" value="windows"/>
    <property name="sun.cpu.isalist" value="amd64"/>
  </properties>
  <testcase time="0.419" classname="com.aiit.graduationproject.test.MessagesTest" name="test"/>
</testsuite>